Using pre-set license
Built from '2020.3/staging' branch; Version is '2020.3.17f1 (a4537701e4ab) revision 10769271'; Using compiler version '192528614'; Build Type 'Release'
OS: 'Windows 10 Home; OS build 19044.1526; Version 2009; 64bit' Language: 'ko' Physical Memory: 24487 MB
BatchMode: 1, IsHumanControllingUs: 0, StartBugReporterOnCrash: 0, Is64bit: 1, IsPro: 0

COMMAND LINE ARGUMENTS:
D:\unity\2020.3.17f1\Editor\Unity.exe
-adb2
-batchMode
-noUpm
-name
AssetImportWorker0
-projectPath
D:/unity/project/ShaderDemo
-logFile
Logs/AssetImportWorker0.log
-srvPort
51837
Successfully changed project path to: D:/unity/project/ShaderDemo
D:/unity/project/ShaderDemo
Using Asset Import Pipeline V2.
Refreshing native plugins compatible for Editor in 76.36 ms, found 2 plugins.
Preloading 0 native plugins for Editor in 0.00 ms.
Initialize engine version: 2020.3.17f1 (a4537701e4ab)
[Subsystems] Discovering subsystems at path D:/unity/2020.3.17f1/Editor/Data/Resources/UnitySubsystems
[Subsystems] Discovering subsystems at path D:/unity/project/ShaderDemo/Assets
GfxDevice: creating device client; threaded=0
Direct3D:
    Version:  Direct3D 11.0 [level 11.1]
    Renderer: NVIDIA GeForce GTX 1650 (ID=0x1f82)
    Vendor:   
    VRAM:     3962 MB
    Driver:   27.21.14.6172
Shader 'Custom/Water': fallback shader 'Legacy Shaders/Transparent/Vertexlit' not found
Initialize mono
Mono path[0] = 'D:/unity/2020.3.17f1/Editor/Data/Managed'
Mono path[1] = 'D:/unity/2020.3.17f1/Editor/Data/MonoBleedingEdge/lib/mono/unityjit'
Mono config path = 'D:/unity/2020.3.17f1/Editor/Data/MonoBleedingEdge/etc'
Using monoOptions --debugger-agent=transport=dt_socket,embedding=1,server=y,suspend=n,address=127.0.0.1:56168
Begin MonoManager ReloadAssembly
Registering precompiled unity dll's ...
Register platform support module: D:/unity/2020.3.17f1/Editor/Data/PlaybackEngines/WebGLSupport/UnityEditor.WebGL.Extensions.dll
Register platform support module: D:/unity/2020.3.17f1/Editor/Data/PlaybackEngines/WindowsStandaloneSupport/UnityEditor.WindowsStandalone.Extensions.dll
Registered in 0.004905 seconds.
Native extension for WindowsStandalone target not found
Native extension for WebGL target not found
Refreshing native plugins compatible for Editor in 65.59 ms, found 2 plugins.
Preloading 0 native plugins for Editor in 0.00 ms.
Mono: successfully reloaded assembly
- Completed reload, in  2.701 seconds
Domain Reload Profiling:
	ReloadAssembly (2701ms)
		BeginReloadAssembly (89ms)
			ExecutionOrderSort (0ms)
			DisableScriptedObjects (0ms)
			BackupInstance (0ms)
			ReleaseScriptingObjects (0ms)
			CreateAndSetChildDomain (1ms)
		EndReloadAssembly (526ms)
			LoadAssemblies (86ms)
			RebuildTransferFunctionScriptingTraits (0ms)
			SetupTypeCache (173ms)
			ReleaseScriptCaches (0ms)
			RebuildScriptCaches (38ms)
			SetupLoadedEditorAssemblies (220ms)
				LogAssemblyErrors (0ms)
				InitializePlatformSupportModulesInManaged (7ms)
				SetLoadedEditorAssemblies (0ms)
				RefreshPlugins (66ms)
				BeforeProcessingInitializeOnLoad (21ms)
				ProcessInitializeOnLoadAttributes (94ms)
				ProcessInitializeOnLoadMethodAttributes (32ms)
				AfterProcessingInitializeOnLoad (0ms)
				EditorAssembliesLoaded (0ms)
			ExecutionOrderSort2 (0ms)
			AwakeInstancesAfterBackupRestoration (0ms)
Platform modules already initialized, skipping
Registering precompiled user dll's ...
Registered in 0.014861 seconds.
Begin MonoManager ReloadAssembly
Native extension for WindowsStandalone target not found
Native extension for WebGL target not found
Refreshing native plugins compatible for Editor in 54.60 ms, found 2 plugins.
Preloading 0 native plugins for Editor in 0.00 ms.
Mono: successfully reloaded assembly
- Completed reload, in  2.253 seconds
Domain Reload Profiling:
	ReloadAssembly (2253ms)
		BeginReloadAssembly (192ms)
			ExecutionOrderSort (0ms)
			DisableScriptedObjects (5ms)
			BackupInstance (0ms)
			ReleaseScriptingObjects (0ms)
			CreateAndSetChildDomain (23ms)
		EndReloadAssembly (1973ms)
			LoadAssemblies (149ms)
			RebuildTransferFunctionScriptingTraits (0ms)
			SetupTypeCache (384ms)
			ReleaseScriptCaches (1ms)
			RebuildScriptCaches (62ms)
			SetupLoadedEditorAssemblies (1251ms)
				LogAssemblyErrors (0ms)
				InitializePlatformSupportModulesInManaged (6ms)
				SetLoadedEditorAssemblies (0ms)
				RefreshPlugins (55ms)
				BeforeProcessingInitializeOnLoad (113ms)
				ProcessInitializeOnLoadAttributes (1048ms)
				ProcessInitializeOnLoadMethodAttributes (14ms)
				AfterProcessingInitializeOnLoad (14ms)
				EditorAssembliesLoaded (1ms)
			ExecutionOrderSort2 (0ms)
			AwakeInstancesAfterBackupRestoration (7ms)
Platform modules already initialized, skipping
========================================================================
Worker process is ready to serve import requests
Shader 'Custom/Water': fallback shader 'Legacy Shaders/Transparent/Vertexlit' not found
Launched and connected shader compiler UnityShaderCompiler.exe after 0.06 seconds
Refreshing native plugins compatible for Editor in 0.77 ms, found 2 plugins.
Preloading 0 native plugins for Editor in 0.00 ms.
Unloading 2306 Unused Serialized files (Serialized files now loaded: 0)
System memory in use before: 208.5 MB.
System memory in use after: 208.7 MB.

Unloading 34 unused Assets to reduce memory usage. Loaded Objects now: 2764.
Total: 4.895900 ms (FindLiveObjects: 0.434400 ms CreateObjectMapping: 0.317800 ms MarkObjects: 4.025800 ms  DeleteObjects: 0.116100 ms)

AssetImportParameters requested are different than current active one (requested -> active):
  custom:framework-win-MediaFoundation: 216162199b28c13a410421893ffa2e32 -> 
  custom:video-decoder-ogg-theora: a1e56fd34408186e4bbccfd4996cb3dc -> 
  custom:container-muxer-webm: aa71ff27fc2769a1b78a27578f13a17b -> 
  custom:container-demuxer-webm: 4f35f7cbe854078d1ac9338744f61a02 -> 
  custom:container-demuxer-ogg: 62fdf1f143b41e24485cea50d1cbac27 -> 
  custom:video-encoder-webm-vp8: eb34c28f22e8b96e1ab97ce403110664 -> 
  custom:video-decoder-webm-vp8: 9c59270c3fd7afecdb556c50c9e8de78 -> 
  custom:audio-decoder-ogg-vorbis: bf7c407c2cedff20999df2af8eb42d56 -> 
  custom:audio-encoder-webm-vorbis: bf7c407c2cedff20999df2af8eb42d56 -> 
========================================================================
Received Import Request.
  path: Assets/Shaders/Hexagon/Hexagon.mat
  artifactKey: Guid(209c7fd5495752a4d8cc769d6c33fa25) Importer(815301076,1909f56bfc062723c751e8b465ee728b)
Start importing Assets/Shaders/Hexagon/Hexagon.mat using Guid(209c7fd5495752a4d8cc769d6c33fa25) Importer(815301076,1909f56bfc062723c751e8b465ee728b)  -> (artifact id: '724b1dde8486db15036fadb252eda6da') in 0.299299 seconds 
  Import took 0.328132 seconds .

========================================================================
Received Import Request.
  Time since last request: 31.536749 seconds.
  path: Assets/Shaders/SlideTexture
  artifactKey: Guid(fd41a3738cec77a43865a3d4885e4be4) Importer(815301076,1909f56bfc062723c751e8b465ee728b)
Start importing Assets/Shaders/SlideTexture using Guid(fd41a3738cec77a43865a3d4885e4be4) Importer(815301076,1909f56bfc062723c751e8b465ee728b)  -> (artifact id: '56d7fc66559c014db94d42a6cbff0930') in 0.003503 seconds 
  Import took 0.024240 seconds .

========================================================================
Received Import Request.
  Time since last request: 159.359276 seconds.
  path: Assets/Shaders/SlideTexture/Number.png
  artifactKey: Guid(6dcbc77cd9081fa438a1e874bce6209a) Importer(815301076,1909f56bfc062723c751e8b465ee728b)
Start importing Assets/Shaders/SlideTexture/Number.png using Guid(6dcbc77cd9081fa438a1e874bce6209a) Importer(815301076,1909f56bfc062723c751e8b465ee728b)  -> (artifact id: '4e876fdda1fa9abd3fb6c82ff1e52d2d') in 0.033984 seconds 
  Import took 0.039424 seconds .

========================================================================
Received Import Request.
  Time since last request: 9.586944 seconds.
  path: Assets/Shaders/SlideTexture/Number.png
  artifactKey: Guid(6dcbc77cd9081fa438a1e874bce6209a) Importer(815301076,1909f56bfc062723c751e8b465ee728b)
Start importing Assets/Shaders/SlideTexture/Number.png using Guid(6dcbc77cd9081fa438a1e874bce6209a) Importer(815301076,1909f56bfc062723c751e8b465ee728b)  -> (artifact id: 'bc84f0abb6d76657a8be30de0894a536') in 0.021961 seconds 
  Import took 0.038971 seconds .

========================================================================
Received Import Request.
  Time since last request: 19.795733 seconds.
  path: Assets/Shaders/SlideTexture/SlideTexture.shader
  artifactKey: Guid(f7dbacb70192b004da22611a95e7b726) Importer(815301076,1909f56bfc062723c751e8b465ee728b)
Start importing Assets/Shaders/SlideTexture/SlideTexture.shader using Guid(f7dbacb70192b004da22611a95e7b726) Importer(815301076,1909f56bfc062723c751e8b465ee728b)  -> (artifact id: '82a3bc84a8d11032e327b235e3cc3874') in 0.012602 seconds 
  Import took 0.033454 seconds .

========================================================================
Received Import Request.
  Time since last request: 0.106857 seconds.
  path: Assets/Shaders/SlideTexture/SlideTexture.shader
  artifactKey: Guid(f7dbacb70192b004da22611a95e7b726) Importer(815301076,1909f56bfc062723c751e8b465ee728b)
Start importing Assets/Shaders/SlideTexture/SlideTexture.shader using Guid(f7dbacb70192b004da22611a95e7b726) Importer(815301076,1909f56bfc062723c751e8b465ee728b)  -> (artifact id: '82a3bc84a8d11032e327b235e3cc3874') in 0.006225 seconds 
  Import took 0.011537 seconds .

========================================================================
Received Import Request.
  Time since last request: 7.341990 seconds.
  path: Assets/Shaders/SlideTexture/SlideTexture.mat
  artifactKey: Guid(8b21e6d6f2bcfb346ae585eb6a4be88d) Importer(815301076,1909f56bfc062723c751e8b465ee728b)
Start importing Assets/Shaders/SlideTexture/SlideTexture.mat using Guid(8b21e6d6f2bcfb346ae585eb6a4be88d) Importer(815301076,1909f56bfc062723c751e8b465ee728b)  -> (artifact id: 'fcca3238aedd439db3aa36d25d796f17') in 0.015347 seconds 
  Import took 0.026500 seconds .

========================================================================
Received Import Request.
  Time since last request: 1241.608660 seconds.
  path: Assets/Shaders/SlideTexture/SlideTexture.mat
  artifactKey: Guid(8b21e6d6f2bcfb346ae585eb6a4be88d) Importer(815301076,1909f56bfc062723c751e8b465ee728b)
Start importing Assets/Shaders/SlideTexture/SlideTexture.mat using Guid(8b21e6d6f2bcfb346ae585eb6a4be88d) Importer(815301076,1909f56bfc062723c751e8b465ee728b)  -> (artifact id: '034419a65816cba5fccb2caf5a03c73d') in 0.026828 seconds 
  Import took 0.033036 seconds .

========================================================================
Received Prepare
Registering precompiled user dll's ...
Registered in 0.038609 seconds.
Begin MonoManager ReloadAssembly
Native extension for WindowsStandalone target not found
Native extension for WebGL target not found
Refreshing native plugins compatible for Editor in 0.55 ms, found 2 plugins.
Preloading 0 native plugins for Editor in 0.00 ms.
Mono: successfully reloaded assembly
- Completed reload, in  1.413 seconds
Domain Reload Profiling:
	ReloadAssembly (1413ms)
		BeginReloadAssembly (205ms)
			ExecutionOrderSort (0ms)
			DisableScriptedObjects (10ms)
			BackupInstance (0ms)
			ReleaseScriptingObjects (0ms)
			CreateAndSetChildDomain (59ms)
		EndReloadAssembly (1123ms)
			LoadAssemblies (147ms)
			RebuildTransferFunctionScriptingTraits (0ms)
			SetupTypeCache (306ms)
			ReleaseScriptCaches (1ms)
			RebuildScriptCaches (40ms)
			SetupLoadedEditorAssemblies (545ms)
				LogAssemblyErrors (0ms)
				InitializePlatformSupportModulesInManaged (6ms)
				SetLoadedEditorAssemblies (0ms)
				RefreshPlugins (1ms)
				BeforeProcessingInitializeOnLoad (92ms)
				ProcessInitializeOnLoadAttributes (428ms)
				ProcessInitializeOnLoadMethodAttributes (6ms)
				AfterProcessingInitializeOnLoad (12ms)
				EditorAssembliesLoaded (0ms)
			ExecutionOrderSort2 (0ms)
			AwakeInstancesAfterBackupRestoration (6ms)
Platform modules already initialized, skipping
Shader 'Custom/Water': fallback shader 'Legacy Shaders/Transparent/Vertexlit' not found
Refreshing native plugins compatible for Editor in 0.55 ms, found 2 plugins.
Preloading 0 native plugins for Editor in 0.00 ms.
Unloading 2262 Unused Serialized files (Serialized files now loaded: 0)
System memory in use before: 244.0 MB.
System memory in use after: 208.7 MB.

Unloading 24 unused Assets to reduce memory usage. Loaded Objects now: 2811.
Total: 6.560900 ms (FindLiveObjects: 0.281700 ms CreateObjectMapping: 0.113600 ms MarkObjects: 4.188700 ms  DeleteObjects: 1.975800 ms)

AssetImportParameters requested are different than current active one (requested -> active):
  custom:framework-win-MediaFoundation: 216162199b28c13a410421893ffa2e32 -> 
  custom:video-decoder-ogg-theora: a1e56fd34408186e4bbccfd4996cb3dc -> 
  custom:container-muxer-webm: aa71ff27fc2769a1b78a27578f13a17b -> 
  custom:container-demuxer-webm: 4f35f7cbe854078d1ac9338744f61a02 -> 
  custom:container-demuxer-ogg: 62fdf1f143b41e24485cea50d1cbac27 -> 
  custom:video-encoder-webm-vp8: eb34c28f22e8b96e1ab97ce403110664 -> 
  custom:video-decoder-webm-vp8: 9c59270c3fd7afecdb556c50c9e8de78 -> 
  custom:audio-decoder-ogg-vorbis: bf7c407c2cedff20999df2af8eb42d56 -> 
  custom:audio-encoder-webm-vorbis: bf7c407c2cedff20999df2af8eb42d56 -> 
========================================================================
Received Import Request.
  Time since last request: 413.124937 seconds.
  path: Assets/00Kamishiro/AKSlideShow/_Resources/Textures/HoneyConbSample_5-7.png
  artifactKey: Guid(1b213771e4bb12b47926f26ebbdf2523) Importer(815301076,1909f56bfc062723c751e8b465ee728b)
Start importing Assets/00Kamishiro/AKSlideShow/_Resources/Textures/HoneyConbSample_5-7.png using Guid(1b213771e4bb12b47926f26ebbdf2523) Importer(815301076,1909f56bfc062723c751e8b465ee728b)  -> (artifact id: '73231814066066faf84b5f8368ac5c09') in 0.039313 seconds 
  Import took 0.060833 seconds .

========================================================================
Received Prepare
Registering precompiled user dll's ...
Registered in 0.011812 seconds.
Begin MonoManager ReloadAssembly
Native extension for WindowsStandalone target not found
Native extension for WebGL target not found
Refreshing native plugins compatible for Editor in 0.59 ms, found 2 plugins.
Preloading 0 native plugins for Editor in 0.00 ms.
Mono: successfully reloaded assembly
- Completed reload, in  1.325 seconds
Domain Reload Profiling:
	ReloadAssembly (1325ms)
		BeginReloadAssembly (144ms)
			ExecutionOrderSort (0ms)
			DisableScriptedObjects (6ms)
			BackupInstance (0ms)
			ReleaseScriptingObjects (0ms)
			CreateAndSetChildDomain (39ms)
		EndReloadAssembly (1114ms)
			LoadAssemblies (119ms)
			RebuildTransferFunctionScriptingTraits (0ms)
			SetupTypeCache (289ms)
			ReleaseScriptCaches (1ms)
			RebuildScriptCaches (40ms)
			SetupLoadedEditorAssemblies (575ms)
				LogAssemblyErrors (0ms)
				InitializePlatformSupportModulesInManaged (6ms)
				SetLoadedEditorAssemblies (0ms)
				RefreshPlugins (1ms)
				BeforeProcessingInitializeOnLoad (92ms)
				ProcessInitializeOnLoadAttributes (458ms)
				ProcessInitializeOnLoadMethodAttributes (6ms)
				AfterProcessingInitializeOnLoad (11ms)
				EditorAssembliesLoaded (0ms)
			ExecutionOrderSort2 (0ms)
			AwakeInstancesAfterBackupRestoration (6ms)
Platform modules already initialized, skipping
Shader 'Custom/Water': fallback shader 'Legacy Shaders/Transparent/Vertexlit' not found
Refreshing native plugins compatible for Editor in 0.56 ms, found 2 plugins.
Preloading 0 native plugins for Editor in 0.00 ms.
Unloading 2260 Unused Serialized files (Serialized files now loaded: 0)
System memory in use before: 244.0 MB.
System memory in use after: 208.7 MB.

Unloading 25 unused Assets to reduce memory usage. Loaded Objects now: 2813.
Total: 6.299300 ms (FindLiveObjects: 0.287100 ms CreateObjectMapping: 0.119400 ms MarkObjects: 3.630100 ms  DeleteObjects: 2.261500 ms)

AssetImportParameters requested are different than current active one (requested -> active):
  custom:framework-win-MediaFoundation: 216162199b28c13a410421893ffa2e32 -> 
  custom:video-decoder-ogg-theora: a1e56fd34408186e4bbccfd4996cb3dc -> 
  custom:container-muxer-webm: aa71ff27fc2769a1b78a27578f13a17b -> 
  custom:container-demuxer-webm: 4f35f7cbe854078d1ac9338744f61a02 -> 
  custom:container-demuxer-ogg: 62fdf1f143b41e24485cea50d1cbac27 -> 
  custom:video-encoder-webm-vp8: eb34c28f22e8b96e1ab97ce403110664 -> 
  custom:video-decoder-webm-vp8: 9c59270c3fd7afecdb556c50c9e8de78 -> 
  custom:audio-decoder-ogg-vorbis: bf7c407c2cedff20999df2af8eb42d56 -> 
  custom:audio-encoder-webm-vorbis: bf7c407c2cedff20999df2af8eb42d56 -> 
========================================================================
Received Import Request.
  Time since last request: 41.840310 seconds.
  path: Assets/Shaders/SlideTexture/AKSlideShow.shader
  artifactKey: Guid(c5135410621df4c4b9245faee6f943a7) Importer(815301076,1909f56bfc062723c751e8b465ee728b)
Start importing Assets/Shaders/SlideTexture/AKSlideShow.shader using Guid(c5135410621df4c4b9245faee6f943a7) Importer(815301076,1909f56bfc062723c751e8b465ee728b)  -> (artifact id: 'ac9bcc499f3d2653dee9174b0b094388') in 0.043789 seconds 
  Import took 0.079484 seconds .

========================================================================
Received Import Request.
  Time since last request: 0.008882 seconds.
  path: Assets/Shaders/SlideTexture/AKSlideShow.shader
  artifactKey: Guid(c5135410621df4c4b9245faee6f943a7) Importer(815301076,1909f56bfc062723c751e8b465ee728b)
Start importing Assets/Shaders/SlideTexture/AKSlideShow.shader using Guid(c5135410621df4c4b9245faee6f943a7) Importer(815301076,1909f56bfc062723c751e8b465ee728b)  -> (artifact id: 'ac9bcc499f3d2653dee9174b0b094388') in 0.031567 seconds 
  Import took 0.037610 seconds .

========================================================================
Received Import Request.
  Time since last request: 7.460640 seconds.
  path: Assets/Shaders/SlideTexture/Kamishiro_AKSlideShow.mat
  artifactKey: Guid(c80ca43ae6e696c49b5033337421eed6) Importer(815301076,1909f56bfc062723c751e8b465ee728b)
Start importing Assets/Shaders/SlideTexture/Kamishiro_AKSlideShow.mat using Guid(c80ca43ae6e696c49b5033337421eed6) Importer(815301076,1909f56bfc062723c751e8b465ee728b)  -> (artifact id: '1e20219faa51772f87660757f5a5c275') in 0.152048 seconds 
  Import took 0.162438 seconds .

========================================================================
Received Import Request.
  Time since last request: 111.954502 seconds.
  path: Assets/Shaders/SlideTexture/SlideTexture.shader
  artifactKey: Guid(f7dbacb70192b004da22611a95e7b726) Importer(815301076,1909f56bfc062723c751e8b465ee728b)
Start importing Assets/Shaders/SlideTexture/SlideTexture.shader using Guid(f7dbacb70192b004da22611a95e7b726) Importer(815301076,1909f56bfc062723c751e8b465ee728b)  -> (artifact id: '9acd0aa15b69dd1e7aa54e1696b4a7bd') in 0.004024 seconds 
  Import took 0.026271 seconds .

========================================================================
Received Import Request.
  Time since last request: 828.367442 seconds.
  path: Assets/Shaders/SlideTexture/SlideTexture.shader
  artifactKey: Guid(f7dbacb70192b004da22611a95e7b726) Importer(815301076,1909f56bfc062723c751e8b465ee728b)
Start importing Assets/Shaders/SlideTexture/SlideTexture.shader using Guid(f7dbacb70192b004da22611a95e7b726) Importer(815301076,1909f56bfc062723c751e8b465ee728b)  -> (artifact id: 'd88f477d3e7df986e794dd825e0c07c9') in 0.003198 seconds 
  Import took 0.007636 seconds .

========================================================================
Received Import Request.
  Time since last request: 470.671631 seconds.
  path: Assets/Shaders/SlideTexture/wak.png
  artifactKey: Guid(381ed96152115fb4086b05bf65af31d2) Importer(815301076,1909f56bfc062723c751e8b465ee728b)
Start importing Assets/Shaders/SlideTexture/wak.png using Guid(381ed96152115fb4086b05bf65af31d2) Importer(815301076,1909f56bfc062723c751e8b465ee728b)  -> (artifact id: '3bb52e6a5e485c78ab16dec0b9335b53') in 0.017407 seconds 
  Import took 0.034961 seconds .

========================================================================
Received Import Request.
  Time since last request: 7.097012 seconds.
  path: Assets/Shaders/SlideTexture/wak.png
  artifactKey: Guid(381ed96152115fb4086b05bf65af31d2) Importer(815301076,1909f56bfc062723c751e8b465ee728b)
Start importing Assets/Shaders/SlideTexture/wak.png using Guid(381ed96152115fb4086b05bf65af31d2) Importer(815301076,1909f56bfc062723c751e8b465ee728b)  -> (artifact id: '6df1ae6f7bf53a5742b576f671f1fda8') in 0.023063 seconds 
  Import took 0.038969 seconds .

========================================================================
Received Import Request.
  Time since last request: 12.453504 seconds.
  path: Assets/Shaders/SlideTexture/wak.png
  artifactKey: Guid(381ed96152115fb4086b05bf65af31d2) Importer(815301076,1909f56bfc062723c751e8b465ee728b)
Start importing Assets/Shaders/SlideTexture/wak.png using Guid(381ed96152115fb4086b05bf65af31d2) Importer(815301076,1909f56bfc062723c751e8b465ee728b)  -> (artifact id: 'ef672a15f33514c76422f91b6dd65da0') in 0.012731 seconds 
  Import took 0.030544 seconds .

========================================================================
Received Import Request.
  Time since last request: 12.017038 seconds.
  path: Assets/Shaders/SlideTexture/SlideTexture.mat
  artifactKey: Guid(8b21e6d6f2bcfb346ae585eb6a4be88d) Importer(815301076,1909f56bfc062723c751e8b465ee728b)
Start importing Assets/Shaders/SlideTexture/SlideTexture.mat using Guid(8b21e6d6f2bcfb346ae585eb6a4be88d) Importer(815301076,1909f56bfc062723c751e8b465ee728b)  -> (artifact id: 'c3aa6ce287cfb0a35c0b422672c549e3') in 0.013815 seconds 
  Import took 0.019387 seconds .

========================================================================
Received Import Request.
  Time since last request: 131.967488 seconds.
  path: Assets/Shaders/SlideTexture/SlideTexture.mat
  artifactKey: Guid(8b21e6d6f2bcfb346ae585eb6a4be88d) Importer(815301076,1909f56bfc062723c751e8b465ee728b)
Start importing Assets/Shaders/SlideTexture/SlideTexture.mat using Guid(8b21e6d6f2bcfb346ae585eb6a4be88d) Importer(815301076,1909f56bfc062723c751e8b465ee728b)  -> (artifact id: '575c4d964daf52ffc05599312acb8826') in 0.018757 seconds 
  Import took 0.026824 seconds .

========================================================================
Received Import Request.
  Time since last request: 119.729768 seconds.
  path: Assets/Shaders/SlideTexture/SlideTexture.mat
  artifactKey: Guid(8b21e6d6f2bcfb346ae585eb6a4be88d) Importer(815301076,1909f56bfc062723c751e8b465ee728b)
Start importing Assets/Shaders/SlideTexture/SlideTexture.mat using Guid(8b21e6d6f2bcfb346ae585eb6a4be88d) Importer(815301076,1909f56bfc062723c751e8b465ee728b)  -> (artifact id: '76e04d1eb292f756d385573d3f7273c7') in 0.009692 seconds 
  Import took 0.018497 seconds .

========================================================================
Received Import Request.
  Time since last request: 8.339363 seconds.
  path: Assets/Shaders/SlideTexture/SlideTexture.shader
  artifactKey: Guid(f7dbacb70192b004da22611a95e7b726) Importer(815301076,1909f56bfc062723c751e8b465ee728b)
Start importing Assets/Shaders/SlideTexture/SlideTexture.shader using Guid(f7dbacb70192b004da22611a95e7b726) Importer(815301076,1909f56bfc062723c751e8b465ee728b)  -> (artifact id: '6e0cc13053f6bda983113cad509cfb2f') in 0.003089 seconds 
  Import took 0.013885 seconds .

========================================================================
Received Import Request.
  Time since last request: 0.000923 seconds.
  path: Assets/Shaders/SlideTexture/SlideTexture.shader
  artifactKey: Guid(f7dbacb70192b004da22611a95e7b726) Importer(815301076,1909f56bfc062723c751e8b465ee728b)
Start importing Assets/Shaders/SlideTexture/SlideTexture.shader using Guid(f7dbacb70192b004da22611a95e7b726) Importer(815301076,1909f56bfc062723c751e8b465ee728b)  -> (artifact id: '6e0cc13053f6bda983113cad509cfb2f') in 0.002949 seconds 
  Import took 0.006451 seconds .

========================================================================
Received Import Request.
  Time since last request: 256.540374 seconds.
  path: Assets/Shaders/SlideTexture/SlideTexture.shader
  artifactKey: Guid(f7dbacb70192b004da22611a95e7b726) Importer(815301076,1909f56bfc062723c751e8b465ee728b)
Start importing Assets/Shaders/SlideTexture/SlideTexture.shader using Guid(f7dbacb70192b004da22611a95e7b726) Importer(815301076,1909f56bfc062723c751e8b465ee728b)  -> (artifact id: '225fd2758cb99da59c56e75e2517712d') in 0.003023 seconds 
  Import took 0.025001 seconds .

========================================================================
Received Import Request.
  Time since last request: 60.246830 seconds.
  path: Assets/Shaders/SlideTexture/ChangeTexture.shader
  artifactKey: Guid(f7dbacb70192b004da22611a95e7b726) Importer(815301076,1909f56bfc062723c751e8b465ee728b)
Start importing Assets/Shaders/SlideTexture/ChangeTexture.shader using Guid(f7dbacb70192b004da22611a95e7b726) Importer(815301076,1909f56bfc062723c751e8b465ee728b)  -> (artifact id: '66a6f3cd2f3608b6e16b23d94198d70c') in 0.003083 seconds 
  Import took 0.007020 seconds .

========================================================================
Received Import Request.
  Time since last request: 2.736677 seconds.
  path: Assets/Shaders/SlideTexture/hangeTexture.mat
  artifactKey: Guid(8b21e6d6f2bcfb346ae585eb6a4be88d) Importer(815301076,1909f56bfc062723c751e8b465ee728b)
Start importing Assets/Shaders/SlideTexture/hangeTexture.mat using Guid(8b21e6d6f2bcfb346ae585eb6a4be88d) Importer(815301076,1909f56bfc062723c751e8b465ee728b)  -> (artifact id: '7e66e96d3342df6044cffee1fc79e327') in 0.014256 seconds 
  Import took 0.040783 seconds .

========================================================================
Received Import Request.
  Time since last request: 4.839239 seconds.
  path: Assets/Shaders/SlideTexture/ChangeTexture.mat
  artifactKey: Guid(8b21e6d6f2bcfb346ae585eb6a4be88d) Importer(815301076,1909f56bfc062723c751e8b465ee728b)
Start importing Assets/Shaders/SlideTexture/ChangeTexture.mat using Guid(8b21e6d6f2bcfb346ae585eb6a4be88d) Importer(815301076,1909f56bfc062723c751e8b465ee728b)  -> (artifact id: '00cb49258fcfa9cc073fca40bda31021') in 0.009730 seconds 
  Import took 0.021586 seconds .

========================================================================
Received Import Request.
  Time since last request: 11.788542 seconds.
  path: Assets/Shaders/SlideTexture/ChangeTexture.shader
  artifactKey: Guid(f7dbacb70192b004da22611a95e7b726) Importer(815301076,1909f56bfc062723c751e8b465ee728b)
Start importing Assets/Shaders/SlideTexture/ChangeTexture.shader using Guid(f7dbacb70192b004da22611a95e7b726) Importer(815301076,1909f56bfc062723c751e8b465ee728b)  -> (artifact id: '217c94bbd2a6efd405b649364723f3de') in 0.003708 seconds 
  Import took 0.016016 seconds .

AssetImportWorkerClient::OnTransportError - code=2 error=End of file
