Using pre-set license
Built from '2020.3/staging' branch; Version is '2020.3.17f1 (a4537701e4ab) revision 10769271'; Using compiler version '192528614'; Build Type 'Release'
OS: 'Windows 10 Home; OS build 19044.1526; Version 2009; 64bit' Language: 'ko' Physical Memory: 24487 MB
BatchMode: 1, IsHumanControllingUs: 0, StartBugReporterOnCrash: 0, Is64bit: 1, IsPro: 0

COMMAND LINE ARGUMENTS:
D:\unity\2020.3.17f1\Editor\Unity.exe
-adb2
-batchMode
-noUpm
-name
AssetImportWorker1
-projectPath
D:/unity/project/ShaderDemo
-logFile
Logs/AssetImportWorker1.log
-srvPort
64040
Successfully changed project path to: D:/unity/project/ShaderDemo
D:/unity/project/ShaderDemo
Using Asset Import Pipeline V2.
Refreshing native plugins compatible for Editor in 48.88 ms, found 2 plugins.
Preloading 0 native plugins for Editor in 0.00 ms.
Initialize engine version: 2020.3.17f1 (a4537701e4ab)
[Subsystems] Discovering subsystems at path D:/unity/2020.3.17f1/Editor/Data/Resources/UnitySubsystems
[Subsystems] Discovering subsystems at path D:/unity/project/ShaderDemo/Assets
GfxDevice: creating device client; threaded=0
Direct3D:
    Version:  Direct3D 11.0 [level 11.1]
    Renderer: NVIDIA GeForce GTX 1650 (ID=0x1f82)
    Vendor:   
    VRAM:     3962 MB
    Driver:   27.21.14.6172
Shader 'Custom/Water': fallback shader 'Legacy Shaders/Transparent/Vertexlit' not found
Initialize mono
Mono path[0] = 'D:/unity/2020.3.17f1/Editor/Data/Managed'
Mono path[1] = 'D:/unity/2020.3.17f1/Editor/Data/MonoBleedingEdge/lib/mono/unityjit'
Mono config path = 'D:/unity/2020.3.17f1/Editor/Data/MonoBleedingEdge/etc'
Using monoOptions --debugger-agent=transport=dt_socket,embedding=1,server=y,suspend=n,address=127.0.0.1:56620
Begin MonoManager ReloadAssembly
Registering precompiled unity dll's ...
Register platform support module: D:/unity/2020.3.17f1/Editor/Data/PlaybackEngines/WebGLSupport/UnityEditor.WebGL.Extensions.dll
Register platform support module: D:/unity/2020.3.17f1/Editor/Data/PlaybackEngines/WindowsStandaloneSupport/UnityEditor.WindowsStandalone.Extensions.dll
Registered in 0.004252 seconds.
Native extension for WindowsStandalone target not found
Native extension for WebGL target not found
Refreshing native plugins compatible for Editor in 49.69 ms, found 2 plugins.
Preloading 0 native plugins for Editor in 0.00 ms.
Mono: successfully reloaded assembly
- Completed reload, in  2.205 seconds
Domain Reload Profiling:
	ReloadAssembly (2205ms)
		BeginReloadAssembly (73ms)
			ExecutionOrderSort (0ms)
			DisableScriptedObjects (0ms)
			BackupInstance (0ms)
			ReleaseScriptingObjects (0ms)
			CreateAndSetChildDomain (1ms)
		EndReloadAssembly (423ms)
			LoadAssemblies (70ms)
			RebuildTransferFunctionScriptingTraits (0ms)
			SetupTypeCache (144ms)
			ReleaseScriptCaches (0ms)
			RebuildScriptCaches (30ms)
			SetupLoadedEditorAssemblies (169ms)
				LogAssemblyErrors (0ms)
				InitializePlatformSupportModulesInManaged (5ms)
				SetLoadedEditorAssemblies (0ms)
				RefreshPlugins (50ms)
				BeforeProcessingInitializeOnLoad (16ms)
				ProcessInitializeOnLoadAttributes (70ms)
				ProcessInitializeOnLoadMethodAttributes (27ms)
				AfterProcessingInitializeOnLoad (0ms)
				EditorAssembliesLoaded (0ms)
			ExecutionOrderSort2 (0ms)
			AwakeInstancesAfterBackupRestoration (0ms)
Platform modules already initialized, skipping
Registering precompiled user dll's ...
Registered in 0.012137 seconds.
Begin MonoManager ReloadAssembly
Native extension for WindowsStandalone target not found
Native extension for WebGL target not found
Refreshing native plugins compatible for Editor in 43.03 ms, found 2 plugins.
Preloading 0 native plugins for Editor in 0.00 ms.
Mono: successfully reloaded assembly
- Completed reload, in  1.832 seconds
Domain Reload Profiling:
	ReloadAssembly (1833ms)
		BeginReloadAssembly (155ms)
			ExecutionOrderSort (0ms)
			DisableScriptedObjects (4ms)
			BackupInstance (0ms)
			ReleaseScriptingObjects (0ms)
			CreateAndSetChildDomain (18ms)
		EndReloadAssembly (1610ms)
			LoadAssemblies (116ms)
			RebuildTransferFunctionScriptingTraits (0ms)
			SetupTypeCache (296ms)
			ReleaseScriptCaches (0ms)
			RebuildScriptCaches (51ms)
			SetupLoadedEditorAssemblies (1040ms)
				LogAssemblyErrors (0ms)
				InitializePlatformSupportModulesInManaged (5ms)
				SetLoadedEditorAssemblies (0ms)
				RefreshPlugins (43ms)
				BeforeProcessingInitializeOnLoad (96ms)
				ProcessInitializeOnLoadAttributes (875ms)
				ProcessInitializeOnLoadMethodAttributes (9ms)
				AfterProcessingInitializeOnLoad (11ms)
				EditorAssembliesLoaded (0ms)
			ExecutionOrderSort2 (0ms)
			AwakeInstancesAfterBackupRestoration (7ms)
Platform modules already initialized, skipping
========================================================================
Worker process is ready to serve import requests
Shader 'Custom/Water': fallback shader 'Legacy Shaders/Transparent/Vertexlit' not found
Launched and connected shader compiler UnityShaderCompiler.exe after 0.04 seconds
Refreshing native plugins compatible for Editor in 0.52 ms, found 2 plugins.
Preloading 0 native plugins for Editor in 0.00 ms.
Unloading 2304 Unused Serialized files (Serialized files now loaded: 0)
System memory in use before: 194.4 MB.
System memory in use after: 194.6 MB.

Unloading 34 unused Assets to reduce memory usage. Loaded Objects now: 2749.
Total: 3.367200 ms (FindLiveObjects: 0.245000 ms CreateObjectMapping: 0.108900 ms MarkObjects: 2.919100 ms  DeleteObjects: 0.093300 ms)

AssetImportParameters requested are different than current active one (requested -> active):
  custom:framework-win-MediaFoundation: 216162199b28c13a410421893ffa2e32 -> 
  custom:video-decoder-ogg-theora: a1e56fd34408186e4bbccfd4996cb3dc -> 
  custom:container-muxer-webm: aa71ff27fc2769a1b78a27578f13a17b -> 
  custom:container-demuxer-webm: 4f35f7cbe854078d1ac9338744f61a02 -> 
  custom:container-demuxer-ogg: 62fdf1f143b41e24485cea50d1cbac27 -> 
  custom:video-encoder-webm-vp8: eb34c28f22e8b96e1ab97ce403110664 -> 
  custom:video-decoder-webm-vp8: 9c59270c3fd7afecdb556c50c9e8de78 -> 
  custom:audio-decoder-ogg-vorbis: bf7c407c2cedff20999df2af8eb42d56 -> 
  custom:audio-encoder-webm-vorbis: bf7c407c2cedff20999df2af8eb42d56 -> 
========================================================================
Received Import Request.
  path: Assets/_TerrainAutoUpgrade/layer_MudRockyAlbedoSpecularcd2d2d038030d602.terrainlayer
  artifactKey: Guid(d2934b6a820afeb4ab90fbfc4e78ef82) Importer(815301076,1909f56bfc062723c751e8b465ee728b)
Start importing Assets/_TerrainAutoUpgrade/layer_MudRockyAlbedoSpecularcd2d2d038030d602.terrainlayer using Guid(d2934b6a820afeb4ab90fbfc4e78ef82) Importer(815301076,1909f56bfc062723c751e8b465ee728b)  -> (artifact id: '6f6fe2ae697e2bca74acf203ead48ce4') in 0.103814 seconds 
  Import took 0.116419 seconds .

========================================================================
Received Import Request.
  Time since last request: 0.000251 seconds.
  path: Assets/_TerrainAutoUpgrade/layer_Grass (Hill)2023054508611406.terrainlayer
  artifactKey: Guid(958f29df11ea96a4b8b93ef7f0f2f849) Importer(815301076,1909f56bfc062723c751e8b465ee728b)
Start importing Assets/_TerrainAutoUpgrade/layer_Grass (Hill)2023054508611406.terrainlayer using Guid(958f29df11ea96a4b8b93ef7f0f2f849) Importer(815301076,1909f56bfc062723c751e8b465ee728b)  -> (artifact id: 'cb69622cb0571d9bbf8f54f671db7d58') in 0.010514 seconds 
  Import took 0.029104 seconds .

========================================================================
Received Import Request.
  Time since last request: 0.000220 seconds.
  path: Assets/New Terrain.asset
  artifactKey: Guid(c7f2845d6c97ce944a11fab809c8b5ff) Importer(815301076,1909f56bfc062723c751e8b465ee728b)
Start importing Assets/New Terrain.asset using Guid(c7f2845d6c97ce944a11fab809c8b5ff) Importer(815301076,1909f56bfc062723c751e8b465ee728b)  -> (artifact id: '34625b1b17fa4400209a0c42b58157c9') in 0.124683 seconds 
  Import took 0.147401 seconds .

========================================================================
Received Import Request.
  Time since last request: 33.057966 seconds.
  path: Assets/Shaders/Rim.shader
  artifactKey: Guid(2e18ea38c7481dc4aa4e29454bd50fb8) Importer(815301076,1909f56bfc062723c751e8b465ee728b)
Start importing Assets/Shaders/Rim.shader using Guid(2e18ea38c7481dc4aa4e29454bd50fb8) Importer(815301076,1909f56bfc062723c751e8b465ee728b)  -> (artifact id: 'baf489641c7b3ff2af795c2970ec1988') in 0.029151 seconds 
  Import took 0.045347 seconds .

========================================================================
Received Import Request.
  Time since last request: 5.886717 seconds.
  path: Assets/Shaders/Rim
  artifactKey: Guid(6e656989108bb5a418b2c2315067f2eb) Importer(815301076,1909f56bfc062723c751e8b465ee728b)
Start importing Assets/Shaders/Rim using Guid(6e656989108bb5a418b2c2315067f2eb) Importer(815301076,1909f56bfc062723c751e8b465ee728b)  -> (artifact id: '2803b812eb005667269ef3c4ce80e797') in 0.002602 seconds 
  Import took 0.008947 seconds .

========================================================================
Received Import Request.
  Time since last request: 13.452354 seconds.
  path: Assets/Shaders/Lambert
  artifactKey: Guid(f492119169ef8f24d91772f47deb2a5e) Importer(815301076,1909f56bfc062723c751e8b465ee728b)
Start importing Assets/Shaders/Lambert using Guid(f492119169ef8f24d91772f47deb2a5e) Importer(815301076,1909f56bfc062723c751e8b465ee728b)  -> (artifact id: 'e0b364fc6677f0dd471750256dfca0b7') in 0.002668 seconds 
  Import took 0.011385 seconds .

========================================================================
Received Import Request.
  Time since last request: 0.001394 seconds.
  path: Assets/Shaders/Lambert
  artifactKey: Guid(f492119169ef8f24d91772f47deb2a5e) Importer(815301076,1909f56bfc062723c751e8b465ee728b)
Start importing Assets/Shaders/Lambert using Guid(f492119169ef8f24d91772f47deb2a5e) Importer(815301076,1909f56bfc062723c751e8b465ee728b)  -> (artifact id: 'e0b364fc6677f0dd471750256dfca0b7') in 0.002620 seconds 
  Import took 0.006063 seconds .

========================================================================
Received Import Request.
  Time since last request: 1061.452479 seconds.
  path: Assets/Shaders/Toon/Toon.shader
  artifactKey: Guid(eea94b71caf297c4cbe8412de8c0a4d8) Importer(815301076,1909f56bfc062723c751e8b465ee728b)
Start importing Assets/Shaders/Toon/Toon.shader using Guid(eea94b71caf297c4cbe8412de8c0a4d8) Importer(815301076,1909f56bfc062723c751e8b465ee728b)  -> (artifact id: 'feb15d06b1ba27a5d149a6c7edf6166b') in 0.003234 seconds 
  Import took 0.027269 seconds .

========================================================================
Received Import Request.
  Time since last request: 14.414965 seconds.
  path: Assets/Shaders/OutLine
  artifactKey: Guid(b1d73e9352d456a49af11787a4f4591e) Importer(815301076,1909f56bfc062723c751e8b465ee728b)
Start importing Assets/Shaders/OutLine using Guid(b1d73e9352d456a49af11787a4f4591e) Importer(815301076,1909f56bfc062723c751e8b465ee728b)  -> (artifact id: '237701d337bc0c28eb39bf7a82ac7ea8') in 0.002929 seconds 
  Import took 0.006504 seconds .

========================================================================
Received Import Request.
  Time since last request: 0.000611 seconds.
  path: Assets/Shaders/OutLine
  artifactKey: Guid(b1d73e9352d456a49af11787a4f4591e) Importer(815301076,1909f56bfc062723c751e8b465ee728b)
Start importing Assets/Shaders/OutLine using Guid(b1d73e9352d456a49af11787a4f4591e) Importer(815301076,1909f56bfc062723c751e8b465ee728b)  -> (artifact id: '237701d337bc0c28eb39bf7a82ac7ea8') in 0.003355 seconds 
  Import took 0.006933 seconds .

========================================================================
Received Import Request.
  Time since last request: 28.793785 seconds.
  path: Assets/Shaders/OutLine/OutLine.shader
  artifactKey: Guid(8f0ec86b8b6e94b42b0b8eb1bcf208c4) Importer(815301076,1909f56bfc062723c751e8b465ee728b)
Start importing Assets/Shaders/OutLine/OutLine.shader using Guid(8f0ec86b8b6e94b42b0b8eb1bcf208c4) Importer(815301076,1909f56bfc062723c751e8b465ee728b)  -> (artifact id: '3d82213af7a718be64c145b388795b9f') in 0.004954 seconds 
  Import took 0.018385 seconds .

========================================================================
Received Import Request.
  Time since last request: 8.695386 seconds.
  path: Assets/Shaders/OutLine/OutLineBody.mat
  artifactKey: Guid(5e32ee8623477a547b96488c1b7df4b8) Importer(815301076,1909f56bfc062723c751e8b465ee728b)
Start importing Assets/Shaders/OutLine/OutLineBody.mat using Guid(5e32ee8623477a547b96488c1b7df4b8) Importer(815301076,1909f56bfc062723c751e8b465ee728b)  -> (artifact id: '3eb48f3111ed16473b5945b176abf9bd') in 0.046061 seconds 
  Import took 0.052427 seconds .

========================================================================
Received Import Request.
  Time since last request: 9.403583 seconds.
  path: Assets/Shaders/OutLine/OutLineCloth.mat
  artifactKey: Guid(db308073548a8d24dbafa7e179c91e3b) Importer(815301076,1909f56bfc062723c751e8b465ee728b)
Start importing Assets/Shaders/OutLine/OutLineCloth.mat using Guid(db308073548a8d24dbafa7e179c91e3b) Importer(815301076,1909f56bfc062723c751e8b465ee728b)  -> (artifact id: '4a85642a5d53e2ac519d599127dc5151') in 0.009396 seconds 
  Import took 0.013466 seconds .

========================================================================
Received Import Request.
  Time since last request: 125.239556 seconds.
  path: Assets/Shaders/OutLine/OutLineBody.mat
  artifactKey: Guid(5e32ee8623477a547b96488c1b7df4b8) Importer(815301076,1909f56bfc062723c751e8b465ee728b)
Start importing Assets/Shaders/OutLine/OutLineBody.mat using Guid(5e32ee8623477a547b96488c1b7df4b8) Importer(815301076,1909f56bfc062723c751e8b465ee728b)  -> (artifact id: '955e65c44ad757d7cf5a327065206099') in 0.025068 seconds 
  Import took 0.030291 seconds .

========================================================================
Received Import Request.
  Time since last request: 0.000242 seconds.
  path: Assets/Shaders/OutLine/OutLineCloth.mat
  artifactKey: Guid(db308073548a8d24dbafa7e179c91e3b) Importer(815301076,1909f56bfc062723c751e8b465ee728b)
Start importing Assets/Shaders/OutLine/OutLineCloth.mat using Guid(db308073548a8d24dbafa7e179c91e3b) Importer(815301076,1909f56bfc062723c751e8b465ee728b)  -> (artifact id: 'eab58b5a27d4fd01380ede5286fd14a4') in 0.012611 seconds 
  Import took 0.040532 seconds .

========================================================================
Received Import Request.
  Time since last request: 9225.951581 seconds.
  path: Assets/Shaders/OutLine/New Material.mat
  artifactKey: Guid(1d79ea0a21a4d0245970a04e2adb4917) Importer(815301076,1909f56bfc062723c751e8b465ee728b)
Start importing Assets/Shaders/OutLine/New Material.mat using Guid(1d79ea0a21a4d0245970a04e2adb4917) Importer(815301076,1909f56bfc062723c751e8b465ee728b)  -> (artifact id: '02c5b94599240f2499848d7cecc4afd7') in 0.032027 seconds 
  Import took 0.089764 seconds .

AssetImportWorkerClient::OnTransportError - code=2 error=End of file
