Using pre-set license
Built from '2020.3/staging' branch; Version is '2020.3.17f1 (a4537701e4ab) revision 10769271'; Using compiler version '192528614'; Build Type 'Release'
OS: 'Windows 10 Home; OS build 19044.1586; Version 2009; 64bit' Language: 'ko' Physical Memory: 24487 MB
BatchMode: 1, IsHumanControllingUs: 0, StartBugReporterOnCrash: 0, Is64bit: 1, IsPro: 0

COMMAND LINE ARGUMENTS:
D:\unity\2020.3.17f1\Editor\Unity.exe
-adb2
-batchMode
-noUpm
-name
AssetImportWorker0
-projectPath
D:/unity/project/ShaderDemo
-logFile
Logs/AssetImportWorker0.log
-srvPort
57929
Successfully changed project path to: D:/unity/project/ShaderDemo
D:/unity/project/ShaderDemo
Using Asset Import Pipeline V2.
Refreshing native plugins compatible for Editor in 73.80 ms, found 2 plugins.
Preloading 0 native plugins for Editor in 0.00 ms.
Initialize engine version: 2020.3.17f1 (a4537701e4ab)
[Subsystems] Discovering subsystems at path D:/unity/2020.3.17f1/Editor/Data/Resources/UnitySubsystems
[Subsystems] Discovering subsystems at path D:/unity/project/ShaderDemo/Assets
GfxDevice: creating device client; threaded=0
Direct3D:
    Version:  Direct3D 11.0 [level 11.1]
    Renderer: NVIDIA GeForce GTX 1650 (ID=0x1f82)
    Vendor:   
    VRAM:     3962 MB
    Driver:   27.21.14.6172
Shader 'Custom/Water': fallback shader 'Legacy Shaders/Transparent/Vertexlit' not found
Initialize mono
Mono path[0] = 'D:/unity/2020.3.17f1/Editor/Data/Managed'
Mono path[1] = 'D:/unity/2020.3.17f1/Editor/Data/MonoBleedingEdge/lib/mono/unityjit'
Mono config path = 'D:/unity/2020.3.17f1/Editor/Data/MonoBleedingEdge/etc'
Using monoOptions --debugger-agent=transport=dt_socket,embedding=1,server=y,suspend=n,address=127.0.0.1:56396
Begin MonoManager ReloadAssembly
Registering precompiled unity dll's ...
Register platform support module: D:/unity/2020.3.17f1/Editor/Data/PlaybackEngines/WebGLSupport/UnityEditor.WebGL.Extensions.dll
Register platform support module: D:/unity/2020.3.17f1/Editor/Data/PlaybackEngines/WindowsStandaloneSupport/UnityEditor.WindowsStandalone.Extensions.dll
Registered in 0.004706 seconds.
Native extension for WindowsStandalone target not found
Native extension for WebGL target not found
Refreshing native plugins compatible for Editor in 62.86 ms, found 2 plugins.
Preloading 0 native plugins for Editor in 0.00 ms.
Mono: successfully reloaded assembly
- Completed reload, in  2.845 seconds
Domain Reload Profiling:
	ReloadAssembly (2846ms)
		BeginReloadAssembly (113ms)
			ExecutionOrderSort (0ms)
			DisableScriptedObjects (0ms)
			BackupInstance (0ms)
			ReleaseScriptingObjects (0ms)
			CreateAndSetChildDomain (1ms)
		EndReloadAssembly (594ms)
			LoadAssemblies (109ms)
			RebuildTransferFunctionScriptingTraits (0ms)
			SetupTypeCache (236ms)
			ReleaseScriptCaches (0ms)
			RebuildScriptCaches (36ms)
			SetupLoadedEditorAssemblies (212ms)
				LogAssemblyErrors (0ms)
				InitializePlatformSupportModulesInManaged (7ms)
				SetLoadedEditorAssemblies (0ms)
				RefreshPlugins (63ms)
				BeforeProcessingInitializeOnLoad (21ms)
				ProcessInitializeOnLoadAttributes (90ms)
				ProcessInitializeOnLoadMethodAttributes (31ms)
				AfterProcessingInitializeOnLoad (0ms)
				EditorAssembliesLoaded (0ms)
			ExecutionOrderSort2 (0ms)
			AwakeInstancesAfterBackupRestoration (0ms)
Platform modules already initialized, skipping
Registering precompiled user dll's ...
Registered in 0.015084 seconds.
Begin MonoManager ReloadAssembly
Native extension for WindowsStandalone target not found
Native extension for WebGL target not found
Refreshing native plugins compatible for Editor in 58.70 ms, found 2 plugins.
Preloading 0 native plugins for Editor in 0.00 ms.
Mono: successfully reloaded assembly
- Completed reload, in  2.537 seconds
Domain Reload Profiling:
	ReloadAssembly (2538ms)
		BeginReloadAssembly (232ms)
			ExecutionOrderSort (0ms)
			DisableScriptedObjects (4ms)
			BackupInstance (0ms)
			ReleaseScriptingObjects (0ms)
			CreateAndSetChildDomain (43ms)
		EndReloadAssembly (2206ms)
			LoadAssemblies (181ms)
			RebuildTransferFunctionScriptingTraits (0ms)
			SetupTypeCache (427ms)
			ReleaseScriptCaches (1ms)
			RebuildScriptCaches (66ms)
			SetupLoadedEditorAssemblies (1397ms)
				LogAssemblyErrors (0ms)
				InitializePlatformSupportModulesInManaged (7ms)
				SetLoadedEditorAssemblies (0ms)
				RefreshPlugins (59ms)
				BeforeProcessingInitializeOnLoad (166ms)
				ProcessInitializeOnLoadAttributes (1134ms)
				ProcessInitializeOnLoadMethodAttributes (16ms)
				AfterProcessingInitializeOnLoad (16ms)
				EditorAssembliesLoaded (0ms)
			ExecutionOrderSort2 (0ms)
			AwakeInstancesAfterBackupRestoration (8ms)
Platform modules already initialized, skipping
========================================================================
Worker process is ready to serve import requests
Shader 'Custom/Water': fallback shader 'Legacy Shaders/Transparent/Vertexlit' not found
Launched and connected shader compiler UnityShaderCompiler.exe after 0.05 seconds
Refreshing native plugins compatible for Editor in 0.89 ms, found 2 plugins.
Preloading 0 native plugins for Editor in 0.00 ms.
Unloading 2307 Unused Serialized files (Serialized files now loaded: 0)
System memory in use before: 209.3 MB.
System memory in use after: 209.5 MB.

Unloading 34 unused Assets to reduce memory usage. Loaded Objects now: 2765.
Total: 3.794700 ms (FindLiveObjects: 0.339400 ms CreateObjectMapping: 0.161600 ms MarkObjects: 3.162800 ms  DeleteObjects: 0.129600 ms)

AssetImportParameters requested are different than current active one (requested -> active):
  custom:framework-win-MediaFoundation: 216162199b28c13a410421893ffa2e32 -> 
  custom:video-decoder-ogg-theora: a1e56fd34408186e4bbccfd4996cb3dc -> 
  custom:container-muxer-webm: aa71ff27fc2769a1b78a27578f13a17b -> 
  custom:container-demuxer-webm: 4f35f7cbe854078d1ac9338744f61a02 -> 
  custom:container-demuxer-ogg: 62fdf1f143b41e24485cea50d1cbac27 -> 
  custom:video-encoder-webm-vp8: eb34c28f22e8b96e1ab97ce403110664 -> 
  custom:video-decoder-webm-vp8: 9c59270c3fd7afecdb556c50c9e8de78 -> 
  custom:audio-decoder-ogg-vorbis: bf7c407c2cedff20999df2af8eb42d56 -> 
  custom:audio-encoder-webm-vorbis: bf7c407c2cedff20999df2af8eb42d56 -> 
========================================================================
Received Import Request.
  path: Assets/Shaders/Bubble
  artifactKey: Guid(e46c1cb3f64cab04ba0bf9717bd79955) Importer(815301076,1909f56bfc062723c751e8b465ee728b)
Start importing Assets/Shaders/Bubble using Guid(e46c1cb3f64cab04ba0bf9717bd79955) Importer(815301076,1909f56bfc062723c751e8b465ee728b)  -> (artifact id: '8e6eee8583165b140fd86cb65d8339c3') in 0.007985 seconds 
  Import took 0.029367 seconds .

========================================================================
Received Import Request.
  Time since last request: 11.549395 seconds.
  path: Assets/Shaders/Bubble/Bubble.shader
  artifactKey: Guid(1a14fa815d867c843a7096a441d814ff) Importer(815301076,1909f56bfc062723c751e8b465ee728b)
Start importing Assets/Shaders/Bubble/Bubble.shader using Guid(1a14fa815d867c843a7096a441d814ff) Importer(815301076,1909f56bfc062723c751e8b465ee728b)  -> (artifact id: '8e20d8e32be23e35dcaa9343a1020138') in 0.056098 seconds 
  Import took 0.062897 seconds .

========================================================================
Received Import Request.
  Time since last request: 0.094618 seconds.
  path: Assets/Shaders/Bubble/Bubble.shader
  artifactKey: Guid(1a14fa815d867c843a7096a441d814ff) Importer(815301076,1909f56bfc062723c751e8b465ee728b)
Start importing Assets/Shaders/Bubble/Bubble.shader using Guid(1a14fa815d867c843a7096a441d814ff) Importer(815301076,1909f56bfc062723c751e8b465ee728b)  -> (artifact id: '8e20d8e32be23e35dcaa9343a1020138') in 0.006963 seconds 
  Import took 0.013777 seconds .

========================================================================
Received Import Request.
  Time since last request: 4.865352 seconds.
  path: Assets/Shaders/Bubble/Bubble.mat
  artifactKey: Guid(2dd531d9bf74fad4987e136762d24956) Importer(815301076,1909f56bfc062723c751e8b465ee728b)
Start importing Assets/Shaders/Bubble/Bubble.mat using Guid(2dd531d9bf74fad4987e136762d24956) Importer(815301076,1909f56bfc062723c751e8b465ee728b)  -> (artifact id: '99f840ef8796bc88666bc2d12390875b') in 0.104325 seconds 
  Import took 0.132259 seconds .

========================================================================
Received Import Request.
  Time since last request: 713.438039 seconds.
  path: Assets/Shaders/Bubble/Bubble.shader
  artifactKey: Guid(1a14fa815d867c843a7096a441d814ff) Importer(815301076,1909f56bfc062723c751e8b465ee728b)
Start importing Assets/Shaders/Bubble/Bubble.shader using Guid(1a14fa815d867c843a7096a441d814ff) Importer(815301076,1909f56bfc062723c751e8b465ee728b)  -> (artifact id: '7c69e2729a799027559afcc3ac7d19ac') in 0.011203 seconds 
  Import took 0.040280 seconds .

========================================================================
Received Import Request.
  Time since last request: 0.004977 seconds.
  path: Assets/Shaders/Bubble/Bubble.shader
  artifactKey: Guid(1a14fa815d867c843a7096a441d814ff) Importer(815301076,1909f56bfc062723c751e8b465ee728b)
Start importing Assets/Shaders/Bubble/Bubble.shader using Guid(1a14fa815d867c843a7096a441d814ff) Importer(815301076,1909f56bfc062723c751e8b465ee728b)  -> (artifact id: '7c69e2729a799027559afcc3ac7d19ac') in 0.006419 seconds 
  Import took 0.010463 seconds .

========================================================================
Received Import Request.
  Time since last request: 8.889924 seconds.
  path: Assets/Shaders/Bubble/Bubble.shader
  artifactKey: Guid(1a14fa815d867c843a7096a441d814ff) Importer(815301076,1909f56bfc062723c751e8b465ee728b)
Start importing Assets/Shaders/Bubble/Bubble.shader using Guid(1a14fa815d867c843a7096a441d814ff) Importer(815301076,1909f56bfc062723c751e8b465ee728b)  -> (artifact id: '188f869e1efb5bfdaad774aa0b0caf5e') in 0.006830 seconds 
  Import took 0.031243 seconds .

========================================================================
Received Import Request.
  Time since last request: 265.439611 seconds.
  path: Assets/Shaders/Bubble/Bubble.mat
  artifactKey: Guid(2dd531d9bf74fad4987e136762d24956) Importer(815301076,1909f56bfc062723c751e8b465ee728b)
Start importing Assets/Shaders/Bubble/Bubble.mat using Guid(2dd531d9bf74fad4987e136762d24956) Importer(815301076,1909f56bfc062723c751e8b465ee728b)  -> (artifact id: '5767c732797c72d01aabd25b9ca9b182') in 0.031273 seconds 
  Import took 0.039960 seconds .

========================================================================
Received Import Request.
  Time since last request: 1.429690 seconds.
  path: Assets/Shaders/Bubble/Bubble.mat
  artifactKey: Guid(2dd531d9bf74fad4987e136762d24956) Importer(815301076,1909f56bfc062723c751e8b465ee728b)
Start importing Assets/Shaders/Bubble/Bubble.mat using Guid(2dd531d9bf74fad4987e136762d24956) Importer(815301076,1909f56bfc062723c751e8b465ee728b)  -> (artifact id: 'b132d66d32eb334353c17eecd0c37509') in 0.017494 seconds 
  Import took 0.041724 seconds .

AssetImportWorkerClient::OnTransportError - code=2 error=End of file
